POST /customer/save-info 201 323 - 107.807 ms
POST /customer/save-info 200 406 - 105.599 ms
POST /customer/get-info?email=namaldilmith2@gmail.com 200 365 - 106.951 ms
POST /customer/get-info?email=namaldilmith2@gmail.com 200 365 - 69.511 ms
POST /customer/get-info?email=namaldilmith2@gmail.com 200 365 - 538.216 ms
POST /customer/get-info?email=namaldilmith2@gmail.com 200 365 - 79.488 ms
POST /customer/get-info?email=namaldilmith2@gmail.com 200 365 - 90.173 ms
POST /customer/get-info?email=namaldilmith2@gmail.com 200 365 - 104.505 ms
POST /customer/get-info?email=namaldilmith2@gmail.com 200 365 - 102.431 ms
POST /customer/get-info?email=namaldilmith2@gmail.com 200 365 - 84.422 ms
POST /customer/get-info?email=namaldilmith2@gmail.com 200 365 - 64.082 ms
POST /customer/get-info?email=namaldilmith2@gmail.com 200 365 - 82.105 ms
POST /customer/get-info?email=namaldilmith2@gmail.com 200 365 - 68.811 ms
POST /customer/get-info?email=namaldilmith2@gmail.com 200 365 - 68.780 ms
POST /customer/get-info?email=namaldilmith2@gmail.com 200 365 - 81.992 ms
POST /customer/get-info?email=namaldilmith2@gmail.com 200 365 - 100.219 ms
POST /customer/get-info?email=namaldilmith2@gmail.com 200 365 - 82.697 ms
POST /customer/get-info?email=namaldilmith2@gmail.com 200 365 - 95.491 ms
POST /customer/get-info?email=namaldilmith2@gmail.com 200 365 - 108.803 ms
POST /customer/get-info?email=namaldilmith2@gmail.com 200 365 - 76.685 ms
POST /customer/get-info?email=namaldilmith2@gmail.com 200 365 - 66.504 ms
POST /customer/get-info?email=namaldilmith2@gmail.com 200 365 - 85.201 ms
POST /customer/get-info?email=namaldilmith2@gmail.com 200 365 - 149.202 ms
POST /customer/get-info?email=namaldilmith2@gmail.com 200 365 - 67.703 ms
POST /customer/get-info?email=namaldilmith2@gmail.com 200 365 - 98.600 ms
POST /customer/get-info?email=namaldilmith2@gmail.com 200 365 - 72.514 ms
POST /customer/get-info?email=namaldilmith2@gmail.com 200 365 - 76.786 ms
POST /customer/get-info?email=namaldilmith2@gmail.com 200 365 - 89.337 ms
POST /customer/get-info?email=namaldilmith2@gmail.com 200 365 - 96.881 ms
POST /customer/get-info?email=namaldilmith2@gmail.com 200 365 - 71.829 ms
POST /customer/get-info?email=namaldilmith2@gmail.com 200 365 - 68.047 ms
POST /customer/get-info?email=namaldilmith2@gmail.com 200 365 - 65.471 ms
POST /customer/get-info?email=namaldilmith2@gmail.com 200 365 - 111.146 ms
POST /customer/get-info?email=namaldilmith2@gmail.com 200 365 - 89.635 ms
POST /customer/get-info?email=namaldilmith2@gmail.com 200 365 - 113.306 ms
POST /customer/get-info?email=namaldilmith2@gmail.com 200 365 - 79.677 ms
POST /customer/get-info?email=namaldilmith2@gmail.com 200 365 - 70.269 ms
POST /customer/get-info?email=namaldilmith2@gmail.com 200 365 - 95.060 ms
POST /customer/get-info?email=namaldilmith2@gmail.com 200 365 - 112.851 ms
POST /customer/get-info?email=namaldilmith2@gmail.com 200 365 - 104.077 ms
POST /customer/get-info?email=namaldilmith2@gmail.com 200 365 - 63.776 ms
POST /customer/get-info?email=namaldilmith2@gmail.com 200 365 - 81.923 ms
POST /customer/get-info?email=namaldilmith2@gmail.com 200 365 - 67.680 ms
POST /customer/get-info?email=namaldilmith2@gmail.com 200 365 - 81.257 ms
POST /customer/get-info?email=namaldilmith2@gmail.com 200 365 - 71.711 ms
POST /customer/get-info?email=namaldilmith2@gmail.com 200 365 - 78.195 ms
POST /customer/get-info?email=namaldilmith2@gmail.com 200 365 - 75.251 ms
POST /customer/get-info?email=namaldilmith2@gmail.com 200 365 - 71.859 ms
POST /customer/get-info?email=namaldilmith2@gmail.com 200 365 - 82.399 ms
POST /customer/get-info?email=namaldilmith2@gmail.com 200 365 - 70.690 ms
POST /customer/get-info?email=namaldilmith2@gmail.com 200 365 - 66.234 ms
POST /customer/get-info?email=namaldilmith2@gmail.com 200 365 - 80.792 ms
POST /customer/get-info?email=namaldilmith2@gmail.com 200 365 - 66.367 ms
POST /customer/get-info?email=namaldilmith2@gmail.com 200 365 - 65.232 ms
POST /customer/get-info?email=namaldilmith2@gmail.com 200 365 - 82.343 ms
POST /customer/get-info?email=namaldilmith2@gmail.com 200 365 - 67.481 ms
POST /customer/save-info 200 421 - 93.111 ms
POST /customer/get-info?email=namaldilmith2@gmail.com 200 380 - 84.631 ms
POST /customer/get-info?email=namaldilmith2@gmail.com 200 380 - 88.576 ms
POST /customer/get-info?email=namaldilmith2@gmail.com 200 380 - 96.307 ms
POST /customer/get-info?email=namaldilmith2@gmail.com 200 380 - 84.886 ms
POST /customer/get-info?email=namaldilmith2@gmail.com 200 380 - 64.100 ms
POST /customer/login-customer 200 941 - 159.813 ms
GET /customer/get-name-info?name= 404 161 - 38.997 ms
POST /customer/get-name-info?name=Pro%20Waddo%20-%20Sinhala%20Tutorial 404 28 - 91.162 ms
POST /customer/get-name-info?name=Pro%20Waddo%20-%20Sinhala%20Tutorial 404 28 - 84.614 ms
POST /customer/get-name-info?name=Pro%20Waddo%20-%20Sinhala%20Tutorial 404 28 - 68.954 ms
POST /customer/get-name-info?name=Pro%20Waddo%20-%20Sinhala%20Tutorial 404 28 - 70.751 ms
POST /customer/get-name-info?name=Pro%20Waddo%20-%20Sinhala%20Tutorial 404 28 - 79.543 ms
GET /customer/get-name-info?name=Pro%20Waddo%20-%20Sinhala%20Tutorial 404 161 - 2.551 ms
GET /customer/get-name-info?name=Pro%20Waddo%20-%20Sinhala%20Tutorial 404 28 - 82.441 ms
POST /customer/login-customer 200 1031 - 196.458 ms
GET /customer/get-name-info?name=Pro%20Waddo%20-%20Sinhala%20Tutorial 200 384 - 83.699 ms
GET /customer/get-name-info?name=Pro%20Waddo%20-%20Sinhala%20Tutorial 304 - - 78.819 ms
GET /customer/get-name-info?name=Pro%20Waddo%20-%20Sinhala%20Tutorial 304 - - 80.314 ms
GET /customer/get-name-info?name=Pro%20Waddo%20-%20Sinhala%20Tutorial 304 - - 69.821 ms
GET /customer/get-name-info?name=Pro%20Waddo%20-%20Sinhala%20Tutorial 304 - - 74.529 ms
GET /customer/get-name-info?name=Pro%20Waddo%20-%20Sinhala%20Tutorial 304 - - 86.235 ms
GET /customer/get-name-info?name=Pro%20Waddo%20-%20Sinhala%20Tutorial 304 - - 82.015 ms
GET /customer/get-name-info?name=Pro%20Waddo%20-%20Sinhala%20Tutorial 304 - - 66.196 ms
GET /customer/get-name-info?name=Pro%20Waddo%20-%20Sinhala%20Tutorial 304 - - 71.047 ms
GET /customer/get-name-info?name=Pro%20Waddo%20-%20Sinhala%20Tutorial 304 - - 73.797 ms
GET /customer/get-name-info?name=Pro%20Waddo%20-%20Sinhala%20Tutorial 304 - - 67.197 ms
GET /customer/get-name-info?name=Pro%20Waddo%20-%20Sinhala%20Tutorial 304 - - 72.135 ms
GET /customer/get-name-info?name=Pro%20Waddo%20-%20Sinhala%20Tutorial 304 - - 80.210 ms
GET /customer/get-name-info?name=Pro%20Waddo%20-%20Sinhala%20Tutorial 304 - - 79.246 ms
GET /customer/get-name-info?name=Pro%20Waddo%20-%20Sinhala%20Tutorial 304 - - 79.894 ms
GET /customer/get-name-info?name=Pro%20Waddo%20-%20Sinhala%20Tutorial 304 - - 83.457 ms
GET /customer/get-name-info?name=Pro%20Waddo%20-%20Sinhala%20Tutorial 304 - - 78.273 ms
GET /customer/get-name-info?name=Pro%20Waddo%20-%20Sinhala%20Tutorial 304 - - 72.543 ms
GET /customer/get-name-info?name=Pro%20Waddo%20-%20Sinhala%20Tutorial 304 - - 66.688 ms
GET /customer/get-name-info?name=Pro%20Waddo%20-%20Sinhala%20Tutorial 304 - - 64.638 ms
GET /customer/get-name-info?name=Pro%20Waddo%20-%20Sinhala%20Tutorial 304 - - 67.273 ms
GET /customer/get-name-info?name=Pro%20Waddo%20-%20Sinhala%20Tutorial 304 - - 77.099 ms
GET /customer/get-name-info?name=Pro%20Waddo%20-%20Sinhala%20Tutorial 304 - - 65.139 ms
GET /customer/get-name-info?name=Pro%20Waddo%20-%20Sinhala%20Tutorial 304 - - 84.844 ms
GET /customer/get-name-info?name=Pro%20Waddo%20-%20Sinhala%20Tutorial 304 - - 77.480 ms
GET /customer/get-name-info?name=Pro%20Waddo%20-%20Sinhala%20Tutorial 304 - - 66.682 ms
GET /customer/get-name-info?name=Pro%20Waddo%20-%20Sinhala%20Tutorial 304 - - 63.553 ms
GET /customer/get-name-info?name=Pro%20Waddo%20-%20Sinhala%20Tutorial 304 - - 80.706 ms
GET /customer/get-name-info?name=Pro%20Waddo%20-%20Sinhala%20Tutorial 304 - - 66.438 ms
GET /customer/get-name-info?name=Pro%20Waddo%20-%20Sinhala%20Tutorial 304 - - 82.410 ms
GET /customer/get-name-info?name=Pro%20Waddo%20-%20Sinhala%20Tutorial 304 - - 78.342 ms
GET /customer/get-name-info?name=Pro%20Waddo%20-%20Sinhala%20Tutorial 304 - - 74.879 ms
GET /customer/get-name-info?name=Pro%20Waddo%20-%20Sinhala%20Tutorial 304 - - 84.933 ms
GET /customer/get-name-info?name=Pro%20Waddo%20-%20Sinhala%20Tutorial 304 - - 77.282 ms
GET /customer/get-name-info?name=Pro%20Waddo%20-%20Sinhala%20Tutorial 304 - - 66.749 ms
GET /customer/get-name-info?name=Pro%20Waddo%20-%20Sinhala%20Tutorial 304 - - 79.495 ms
GET /customer/get-name-info?name=Pro%20Waddo%20-%20Sinhala%20Tutorial 304 - - 69.015 ms
GET /customer/get-name-info?name=Pro%20Waddo%20-%20Sinhala%20Tutorial 304 - - 78.406 ms
GET /customer/get-name-info?name=Pro%20Waddo%20-%20Sinhala%20Tutorial 304 - - 63.191 ms
GET /customer/get-name-info?name=Pro%20Waddo%20-%20Sinhala%20Tutorial 304 - - 66.510 ms
GET /customer/get-name-info?name=Pro%20Waddo%20-%20Sinhala%20Tutorial 304 - - 84.587 ms
GET /customer/get-name-info?name=Pro%20Waddo%20-%20Sinhala%20Tutorial 304 - - 65.694 ms
GET /customer/get-name-info?name=Pro%20Waddo%20-%20Sinhala%20Tutorial 304 - - 71.188 ms
GET /customer/get-name-info?name=Pro%20Waddo%20-%20Sinhala%20Tutorial 304 - - 75.901 ms
GET /customer/get-name-info?name=Pro%20Waddo%20-%20Sinhala%20Tutorial 304 - - 82.099 ms
GET /customer/get-name-info?name=Pro%20Waddo%20-%20Sinhala%20Tutorial 304 - - 81.129 ms
GET /customer/get-name-info?name=Pro%20Waddo%20-%20Sinhala%20Tutorial 304 - - 74.944 ms
GET /customer/get-name-info?name=Pro%20Waddo%20-%20Sinhala%20Tutorial 304 - - 106.330 ms
GET /customer/get-name-info?name=Pro%20Waddo%20-%20Sinhala%20Tutorial 304 - - 84.729 ms
GET /customer/get-name-info?name=Pro%20Waddo%20-%20Sinhala%20Tutorial 304 - - 72.155 ms
GET /customer/get-name-info?name=Pro%20Waddo%20-%20Sinhala%20Tutorial 304 - - 69.214 ms
GET /customer/get-name-info?name=Pro%20Waddo%20-%20Sinhala%20Tutorial 304 - - 76.311 ms
GET /customer/get-name-info?name=Pro%20Waddo%20-%20Sinhala%20Tutorial 304 - - 76.958 ms
GET /customer/get-name-info?name=Pro%20Waddo%20-%20Sinhala%20Tutorial 304 - - 69.136 ms
GET /customer/get-name-info?name=Pro%20Waddo%20-%20Sinhala%20Tutorial 304 - - 79.796 ms
GET /customer/get-name-info?name=Pro%20Waddo%20-%20Sinhala%20Tutorial 304 - - 80.429 ms
GET /customer/get-name-info?name=Pro%20Waddo%20-%20Sinhala%20Tutorial 304 - - 68.129 ms
GET /customer/get-name-info?name=Pro%20Waddo%20-%20Sinhala%20Tutorial 304 - - 69.354 ms
GET /customer/get-name-info?name=Pro%20Waddo%20-%20Sinhala%20Tutorial 304 - - 79.210 ms
GET /customer/get-name-info?name=Pro%20Waddo%20-%20Sinhala%20Tutorial 304 - - 74.530 ms
GET /customer/get-name-info?name=Pro%20Waddo%20-%20Sinhala%20Tutorial 304 - - 85.508 ms
GET /customer/get-name-info?name=Pro%20Waddo%20-%20Sinhala%20Tutorial 304 - - 83.596 ms
GET /customer/get-name-info?name=Pro%20Waddo%20-%20Sinhala%20Tutorial 304 - - 65.648 ms
GET /customer/get-name-info?name=Pro%20Waddo%20-%20Sinhala%20Tutorial 304 - - 79.660 ms
GET /customer/get-name-info?name=Pro%20Waddo%20-%20Sinhala%20Tutorial 304 - - 80.227 ms
GET /customer/get-name-info?name=Pro%20Waddo%20-%20Sinhala%20Tutorial 304 - - 69.246 ms
GET /customer/get-name-info?name=Pro%20Waddo%20-%20Sinhala%20Tutorial 304 - - 79.575 ms
GET /customer/get-name-info?name=Pro%20Waddo%20-%20Sinhala%20Tutorial 304 - - 93.803 ms
GET /customer/get-name-info?name=Pro%20Waddo%20-%20Sinhala%20Tutorial 304 - - 68.844 ms
GET /customer/get-name-info?name=Pro%20Waddo%20-%20Sinhala%20Tutorial 304 - - 77.611 ms
GET /customer/get-name-info?name=Pro%20Waddo%20-%20Sinhala%20Tutorial 304 - - 109.348 ms
GET /customer/get-name-info?name=Pro%20Waddo%20-%20Sinhala%20Tutorial 304 - - 79.561 ms
GET /customer/get-name-info?name=Pro%20Waddo%20-%20Sinhala%20Tutorial 304 - - 69.795 ms
GET /customer/get-name-info?name=Pro%20Waddo%20-%20Sinhala%20Tutorial 304 - - 92.811 ms
GET /customer/get-name-info?name=Pro%20Waddo%20-%20Sinhala%20Tutorial 304 - - 73.962 ms
GET /customer/get-name-info?name=Pro%20Waddo%20-%20Sinhala%20Tutorial 304 - - 68.388 ms
GET /customer/get-name-info?name=Pro%20Waddo%20-%20Sinhala%20Tutorial 304 - - 78.006 ms
GET /customer/get-name-info?name=Pro%20Waddo%20-%20Sinhala%20Tutorial 304 - - 90.252 ms
GET /customer/get-name-info?name=Pro%20Waddo%20-%20Sinhala%20Tutorial 304 - - 70.860 ms
GET /customer/get-name-info?name=Pro%20Waddo%20-%20Sinhala%20Tutorial 304 - - 85.840 ms
GET /customer/get-name-info?name=Pro%20Waddo%20-%20Sinhala%20Tutorial 304 - - 73.302 ms
GET /customer/get-info?email=namaldilmith2@gmail.com 200 380 - 104.492 ms
GET /customer/get-info?email=namaldilmith2@gmail.com 304 - - 81.173 ms
GET /customer/get-info?email=namaldilmith2@gmail.com 304 - - 69.535 ms
GET /customer/get-info?email=namaldilmith2@gmail.com 304 - - 65.238 ms
GET /customer/get-info?email=namaldilmith2@gmail.com 304 - - 79.702 ms
GET /customer/get-info?email=namaldilmith2@gmail.com 304 - - 69.696 ms
GET /customer/get-info?email=namaldilmith2@gmail.com 304 - - 66.806 ms
GET /customer/get-info?email=namaldilmith2@gmail.com 304 - - 76.948 ms
GET /customer/get-info?email=namaldilmith2@gmail.com 304 - - 85.652 ms
GET /customer/get-info?email=namaldilmith2@gmail.com 304 - - 73.477 ms
GET /customer/get-info?email=namaldilmith2@gmail.com 304 - - 67.921 ms
GET /customer/get-info?email=namaldilmith2@gmail.com 304 - - 70.209 ms
GET /customer/get-info?email=namaldilmith2@gmail.com 304 - - 74.765 ms
GET /customer/get-info?email=namaldilmith2@gmail.com 304 - - 80.450 ms
GET /customer/get-info?email=namaldilmith2@gmail.com 304 - - 72.031 ms
GET /customer/get-info?email=namaldilmith2@gmail.com 304 - - 78.262 ms
GET /customer/get-info?email=namaldilmith2@gmail.com 304 - - 81.250 ms
GET /customer/get-info?email=namaldilmith2@gmail.com 304 - - 71.439 ms
GET /customer/get-info?email=namaldilmith2@gmail.com 304 - - 70.329 ms
GET /customer/get-info?email=namaldilmith2@gmail.com 304 - - 85.290 ms
GET /customer/get-info?email=namaldilmith2@gmail.com 304 - - 71.066 ms
GET /customer/get-info?email=namaldilmith2@gmail.com 304 - - 86.506 ms
GET /customer/get-info?email=namaldilmith2@gmail.com 304 - - 68.885 ms
GET /customer/get-info?email=namaldilmith2@gmail.com 304 - - 67.010 ms
GET /customer/get-info?email=namaldilmith2@gmail.com 304 - - 67.865 ms
GET /customer/get-info?email=namaldilmith2@gmail.com 304 - - 68.335 ms
GET /customer/get-info?email=namaldilmith2@gmail.com 304 - - 78.516 ms
GET /customer/get-info?email=namaldilmith2@gmail.com 304 - - 69.386 ms
GET /customer/get-info?email=namaldilmith2@gmail.com 304 - - 79.378 ms
GET /customer/get-info?email=namaldilmith2@gmail.com 304 - - 76.046 ms
GET /customer/get-info?email=namaldilmith2@gmail.com 304 - - 74.368 ms
GET /customer/get-info?email=namaldilmith2@gmail.com 304 - - 64.440 ms
GET /customer/get-info?email=namaldilmith2@gmail.com 304 - - 84.363 ms
GET /customer/get-info?email=namaldilmith2@gmail.com 304 - - 85.854 ms
GET /customer/get-info?email=namaldilmith2@gmail.com 304 - - 69.285 ms
GET /customer/get-info?email=namaldilmith2@gmail.com 304 - - 69.875 ms
GET /customer/get-info?email=namaldilmith2@gmail.com 304 - - 92.570 ms
GET /customer/get-info?email=namaldilmith2@gmail.com 304 - - 71.674 ms
GET /customer/get-info?email=namaldilmith2@gmail.com 304 - - 69.302 ms
GET /customer/get-info?email=namaldilmith2@gmail.com 304 - - 79.875 ms
GET /customer/get-info?email=namaldilmith2@gmail.com 304 - - 89.839 ms
GET /customer/get-info?email=namaldilmith2@gmail.com 304 - - 66.176 ms
GET /customer/get-info?email=namaldilmith2@gmail.com 304 - - 71.463 ms
GET /customer/get-info?email=namaldilmith2@gmail.com 304 - - 69.662 ms
GET /customer/get-info?email=namaldilmith2@gmail.com 304 - - 78.801 ms
GET /customer/get-info?email=namaldilmith2@gmail.com 304 - - 68.238 ms
GET /customer/get-info?email=namaldilmith2@gmail.com 304 - - 67.711 ms
GET /customer/get-info?email=namaldilmith2@gmail.com 304 - - 87.100 ms
GET /customer/get-info?email=namaldilmith2@gmail.com 304 - - 96.670 ms
GET /customer/get-info?email=namaldilmith2@gmail.com 304 - - 72.506 ms
GET /customer/get-info?email=namaldilmith2@gmail.com 304 - - 83.002 ms
GET /customer/get-info?email=namaldilmith2@gmail.com 304 - - 65.931 ms
GET /customer/get-info?email=namaldilmith2@gmail.com 304 - - 75.040 ms
GET /customer/get-info?email=namaldilmith2@gmail.com 304 - - 84.556 ms
GET /customer/get-info?email=namaldilmith2@gmail.com 304 - - 67.712 ms
GET /customer/get-info?email=namaldilmith2@gmail.com 304 - - 66.999 ms
GET /customer/get-info?email=namaldilmith2@gmail.com 304 - - 77.679 ms
GET /customer/get-info?email=namaldilmith2@gmail.com 304 - - 68.157 ms
GET /customer/get-info?email=namaldilmith2@gmail.com 304 - - 80.502 ms
GET /customer/get-info?email=namaldilmith2@gmail.com 304 - - 67.223 ms
GET /customer/get-info?email=namaldilmith2@gmail.com 304 - - 70.119 ms
GET /customer/get-info?email=namaldilmith2@gmail.com 304 - - 79.544 ms
GET /customer/get-info?email=namaldilmith2@gmail.com 304 - - 65.957 ms
GET /customer/get-info?email=namaldilmith2@gmail.com 304 - - 83.191 ms
GET /customer/get-info?email=namaldilmith2@gmail.com 304 - - 79.270 ms
GET /customer/get-info?email=namaldilmith2@gmail.com 304 - - 82.137 ms
GET /customer/get-info?email=namaldilmith2@gmail.com 304 - - 70.655 ms
GET /customer/get-info?email=namaldilmith2@gmail.com 304 - - 69.281 ms
GET /customer/get-info?email=namaldilmith2@gmail.com 304 - - 67.420 ms
GET /customer/get-info?email=namaldilmith2@gmail.com 304 - - 70.713 ms
GET /customer/get-info?email=namaldilmith2@gmail.com 304 - - 83.312 ms
GET /customer/get-info?email=namaldilmith2@gmail.com 304 - - 64.941 ms
GET /customer/get-info?email=namaldilmith2@gmail.com 304 - - 70.258 ms
GET /customer/get-info?email=namaldilmith2@gmail.com 304 - - 80.738 ms
GET /customer/get-info?email=namaldilmith2@gmail.com 304 - - 67.712 ms
GET /customer/get-info?email=namaldilmith2@gmail.com 304 - - 70.743 ms
GET /customer/get-info?email=namaldilmith2@gmail.com 304 - - 69.309 ms
GET /customer/get-info?email=namaldilmith2@gmail.com 304 - - 82.960 ms
GET /customer/get-info?email=namaldilmith2@gmail.com 304 - - 83.638 ms
GET /customer/get-info?email=namaldilmith2@gmail.com 304 - - 82.919 ms
GET /customer/get-info?email=namaldilmith2@gmail.com 304 - - 67.192 ms
GET /customer/get-info?email=namaldilmith2@gmail.com 304 - - 67.629 ms
GET /customer/get-info?email=namaldilmith2@gmail.com 304 - - 78.715 ms
GET /customer/get-info?email=namaldilmith2@gmail.com 304 - - 78.340 ms
GET /customer/get-info?email=namaldilmith2@gmail.com 304 - - 82.204 ms
GET /customer/get-info?email=namaldilmith2@gmail.com - - - - ms
GET /customer/get-info?email=namaldilmith2@gmail.com 200 441 - 299.718 ms
GET /customer/get-info?email=namaldilmith2@gmail.com 304 - - 99.940 ms
GET /customer/get-info?email=namaldilmith2@gmail.com 304 - - 94.001 ms
GET /customer/get-info?email=namaldilmith2@gmail.com 304 - - 73.777 ms
GET /customer/get-info?email=namaldilmith2@gmail.com 304 - - 81.485 ms
GET /customer/get-info?email=namaldilmith2@gmail.com 304 - - 71.718 ms
GET /customer/get-info?email=namaldilmith2@gmail.com 304 - - 82.122 ms
POST /customer/save-info 200 529 - 116.832 ms
GET /customer/get-info?email=namaldilmith2@gmail.com 200 488 - 80.481 ms
GET /customer/get-name-info?name=Pro%20Waddo%20-%20Sinhala%20Tutorial 200 445 - 76.112 ms
GET /customer/get-info?email=prowaddosinhalatutorial@gmail.com 200 445 - 72.780 ms
GET /customer/get-name-info?name=Pro%20Waddo%20-%20Sinhala%20Tutorial 304 - - 85.611 ms
POST /customer/login-customer 200 1031 - 296.720 ms
GET /customer/get-name-info?name=Namal%20Dilmith 200 488 - 68.246 ms
GET /customer/get-info?email=namaldilmith2@gmail.com 304 - - 68.137 ms
GET /customer/get-name-info?name=Pro%20Waddo%20-%20Sinhala%20Tutorial 200 445 - 84.022 ms
GET /customer/get-name-info?name=Pro%20Waddo%20-%20Sinhala%20Tutorial 304 - - 88.167 ms
GET /customer/get-name-info?name=Pro%20Waddo%20-%20Sinhala%20Tutorial 304 - - 77.713 ms
GET /customer/get-name-info?name=Pro%20Waddo%20-%20Sinhala%20Tutorial 304 - - 71.373 ms
GET /customer/get-name-info?name=Pro%20Waddo%20-%20Sinhala%20Tutorial 304 - - 95.491 ms
GET /customer/get-name-info?name=Pro%20Waddo%20-%20Sinhala%20Tutorial 304 - - 105.755 ms
GET /customer/get-name-info?name=Pro%20Waddo%20-%20Sinhala%20Tutorial 304 - - 60.015 ms
GET /customer/get-name-info?name=Pro%20Waddo%20-%20Sinhala%20Tutorial 304 - - 67.575 ms
GET /customer/get-name-info?name=Pro%20Waddo%20-%20Sinhala%20Tutorial 304 - - 75.993 ms
GET /customer/get-name-info?name=Pro%20Waddo%20-%20Sinhala%20Tutorial 304 - - 96.107 ms
GET /customer/get-name-info?name=Pro%20Waddo%20-%20Sinhala%20Tutorial 304 - - 70.078 ms
GET /customer/get-name-info?name=Pro%20Waddo%20-%20Sinhala%20Tutorial 304 - - 86.227 ms
GET /customer/get-name-info?name=Pro%20Waddo%20-%20Sinhala%20Tutorial 304 - - 83.113 ms
GET /customer/get-name-info?name=Pro%20Waddo%20-%20Sinhala%20Tutorial 304 - - 70.441 ms
GET /customer/get-name-info?name=Pro%20Waddo%20-%20Sinhala%20Tutorial 304 - - 80.537 ms
GET /customer/get-name-info?name=Pro%20Waddo%20-%20Sinhala%20Tutorial 304 - - 66.386 ms
GET /customer/get-name-info?name=Pro%20Waddo%20-%20Sinhala%20Tutorial 304 - - 96.871 ms
GET /customer/get-name-info?name=Pro%20Waddo%20-%20Sinhala%20Tutorial 304 - - 68.057 ms
GET /customer/get-name-info?name=Pro%20Waddo%20-%20Sinhala%20Tutorial 304 - - 77.315 ms
GET /customer/get-name-info?name=Pro%20Waddo%20-%20Sinhala%20Tutorial 304 - - 95.200 ms
GET /customer/get-name-info?name=Pro%20Waddo%20-%20Sinhala%20Tutorial 304 - - 84.058 ms
GET /customer/get-name-info?name=Pro%20Waddo%20-%20Sinhala%20Tutorial 304 - - 72.719 ms
GET /customer/get-name-info?name=Pro%20Waddo%20-%20Sinhala%20Tutorial 304 - - 81.487 ms
GET /customer/get-name-info?name=Pro%20Waddo%20-%20Sinhala%20Tutorial 304 - - 83.727 ms
GET /customer/get-name-info?name=Pro%20Waddo%20-%20Sinhala%20Tutorial 304 - - 68.773 ms
GET /customer/get-name-info?name=Pro%20Waddo%20-%20Sinhala%20Tutorial 304 - - 77.525 ms
GET /customer/get-name-info?name=Pro%20Waddo%20-%20Sinhala%20Tutorial 304 - - 79.615 ms
GET /customer/get-name-info?name=Pro%20Waddo%20-%20Sinhala%20Tutorial 304 - - 81.241 ms
GET /customer/get-name-info?name=Pro%20Waddo%20-%20Sinhala%20Tutorial 304 - - 67.704 ms
GET /customer/get-name-info?name=Pro%20Waddo%20-%20Sinhala%20Tutorial 304 - - 63.150 ms
GET /customer/get-name-info?name=Pro%20Waddo%20-%20Sinhala%20Tutorial 304 - - 81.675 ms
GET /customer/get-name-info?name=Pro%20Waddo%20-%20Sinhala%20Tutorial 304 - - 70.922 ms
GET /customer/get-name-info?name=Pro%20Waddo%20-%20Sinhala%20Tutorial 304 - - 68.865 ms
GET /customer/get-name-info?name=Pro%20Waddo%20-%20Sinhala%20Tutorial 304 - - 74.152 ms
GET /customer/get-name-info?name=Pro%20Waddo%20-%20Sinhala%20Tutorial 304 - - 79.744 ms
GET /customer/get-name-info?name=Pro%20Waddo%20-%20Sinhala%20Tutorial 304 - - 66.817 ms
GET /customer/get-name-info?name=Pro%20Waddo%20-%20Sinhala%20Tutorial 304 - - 71.476 ms
GET /customer/get-name-info?name=Pro%20Waddo%20-%20Sinhala%20Tutorial 304 - - 69.845 ms
GET /customer/get-name-info?name=Pro%20Waddo%20-%20Sinhala%20Tutorial 304 - - 66.644 ms
GET /customer/get-name-info?name=Pro%20Waddo%20-%20Sinhala%20Tutorial 304 - - 67.956 ms
GET /customer/get-name-info?name=Pro%20Waddo%20-%20Sinhala%20Tutorial 304 - - 74.597 ms
GET /customer/get-name-info?name=Pro%20Waddo%20-%20Sinhala%20Tutorial 304 - - 67.607 ms
GET /customer/get-name-info?name=Pro%20Waddo%20-%20Sinhala%20Tutorial 304 - - 70.685 ms
GET /customer/get-name-info?name=Pro%20Waddo%20-%20Sinhala%20Tutorial 304 - - 84.047 ms
GET /customer/get-name-info?name=Pro%20Waddo%20-%20Sinhala%20Tutorial 304 - - 79.942 ms
GET /customer/get-name-info?name=Pro%20Waddo%20-%20Sinhala%20Tutorial 304 - - 83.662 ms
GET /customer/get-name-info?name=Pro%20Waddo%20-%20Sinhala%20Tutorial 304 - - 85.711 ms
GET /customer/get-name-info?name=Pro%20Waddo%20-%20Sinhala%20Tutorial 304 - - 83.547 ms
GET /customer/get-name-info?name=Pro%20Waddo%20-%20Sinhala%20Tutorial 304 - - 68.643 ms
GET /customer/get-name-info?name=Pro%20Waddo%20-%20Sinhala%20Tutorial 304 - - 70.430 ms
GET /customer/get-name-info?name=Pro%20Waddo%20-%20Sinhala%20Tutorial 304 - - 82.166 ms
GET /customer/get-name-info?name=Pro%20Waddo%20-%20Sinhala%20Tutorial 304 - - 80.846 ms
GET /customer/get-name-info?name=Pro%20Waddo%20-%20Sinhala%20Tutorial 304 - - 78.305 ms
GET /customer/get-name-info?name=Pro%20Waddo%20-%20Sinhala%20Tutorial 304 - - 86.163 ms
GET /customer/get-name-info?name=Pro%20Waddo%20-%20Sinhala%20Tutorial 304 - - 84.516 ms
GET /customer/get-name-info?name=Pro%20Waddo%20-%20Sinhala%20Tutorial 304 - - 81.833 ms
GET /customer/get-name-info?name=Pro%20Waddo%20-%20Sinhala%20Tutorial 304 - - 67.536 ms
GET /customer/get-name-info?name=Pro%20Waddo%20-%20Sinhala%20Tutorial 304 - - 79.923 ms
GET /customer/get-name-info?name=Pro%20Waddo%20-%20Sinhala%20Tutorial 304 - - 74.197 ms
GET /customer/get-name-info?name=Pro%20Waddo%20-%20Sinhala%20Tutorial 304 - - 85.007 ms
GET /customer/get-name-info?name=Namal%20Dilmith 304 - - 69.074 ms
GET /customer/get-name-info?name=Pro%20Waddo%20-%20Sinhala%20Tutorial 304 - - 71.275 ms
GET /customer/get-info?email=namaldilmith2@gmail.com 304 - - 85.300 ms
POST /customer/save-info 200 576 - 131.418 ms
GET /customer/get-name-info?name=Namal%20Dilmith 200 535 - 89.437 ms
GET /customer/get-name-info?name=Namal%20Dilmith 304 - - 72.552 ms
GET /customer/get-name-info?name=Namal%20Dilmith 304 - - 100.684 ms
GET /customer/get-name-info?name=Namal%20Dilmith 304 - - 66.311 ms
GET /customer/get-name-info?name=Namal%20Dilmith 304 - - 75.421 ms
GET /customer/get-name-info?name=Namal%20Dilmith 304 - - 73.698 ms
GET /customer/get-name-info?name=Namal%20Dilmith 304 - - 69.808 ms
GET /customer/get-name-info?name=Namal%20Dilmith 304 - - 78.501 ms
GET /customer/get-name-info?name=Namal%20Dilmith 304 - - 70.233 ms
GET /customer/get-name-info?name=Namal%20Dilmith 304 - - 72.868 ms
GET /customer/get-name-info?name=Namal%20Dilmith 304 - - 71.805 ms
GET /customer/get-name-info?name=Pro%20Waddo%20-%20Sinhala%20Tutorial 304 - - 74.382 ms
GET /customer/get-name-info?name=Pro%20Waddo%20-%20Sinhala%20Tutorial 304 - - 85.476 ms
GET /customer/get-name-info?name=Namal%20Dilmith 304 - - 87.290 ms
GET /customer/get-name-info?name=Pro%20Waddo%20-%20Sinhala%20Tutorial 304 - - 65.682 ms
GET /customer/get-name-info?name=Namal%20Dilmith 304 - - 87.975 ms
GET /customer/get-name-info?name=Pro%20Waddo%20-%20Sinhala%20Tutorial 304 - - 65.699 ms
GET /customer/get-name-info?name=Namal%20Dilmith 304 - - 95.210 ms
GET /customer/get-name-info?name=Pro%20Waddo%20-%20Sinhala%20Tutorial 304 - - 83.686 ms
GET /customer/get-name-info?name=Namal%20Dilmith 304 - - 86.964 ms
GET /customer/get-name-info?name=Pro%20Waddo%20-%20Sinhala%20Tutorial 304 - - 70.425 ms
GET /customer/get-name-info?name=Namal%20Dilmith 304 - - 104.258 ms
GET /customer/get-name-info?name=Pro%20Waddo%20-%20Sinhala%20Tutorial 304 - - 69.545 ms
GET /customer/get-name-info?name=Namal%20Dilmith 304 - - 68.682 ms
GET /customer/get-name-info?name=Pro%20Waddo%20-%20Sinhala%20Tutorial 304 - - 70.329 ms
GET /customer/get-name-info?name=Namal%20Dilmith 304 - - 83.740 ms
GET /customer/get-name-info?name=Pro%20Waddo%20-%20Sinhala%20Tutorial 304 - - 69.039 ms
GET /customer/get-name-info?name=Namal%20Dilmith 304 - - 80.451 ms
GET /customer/get-name-info?name=Pro%20Waddo%20-%20Sinhala%20Tutorial 304 - - 77.258 ms
GET /customer/get-name-info?name=Namal%20Dilmith 304 - - 73.787 ms
GET /customer/get-name-info?name=Pro%20Waddo%20-%20Sinhala%20Tutorial 304 - - 80.147 ms
GET /customer/get-name-info?name=Namal%20Dilmith 304 - - 84.229 ms
GET /customer/get-name-info?name=Pro%20Waddo%20-%20Sinhala%20Tutorial 304 - - 70.686 ms
GET /customer/get-name-info?name=Namal%20Dilmith 304 - - 78.514 ms
GET /customer/get-name-info?name=Pro%20Waddo%20-%20Sinhala%20Tutorial 304 - - 69.185 ms
GET /customer/get-name-info?name=Namal%20Dilmith 304 - - 87.921 ms
GET /customer/get-name-info?name=Pro%20Waddo%20-%20Sinhala%20Tutorial 304 - - 73.958 ms
GET /customer/get-name-info?name=Namal%20Dilmith 304 - - 82.219 ms
GET /customer/get-name-info?name=Pro%20Waddo%20-%20Sinhala%20Tutorial 304 - - 74.130 ms
GET /customer/get-name-info?name=Namal%20Dilmith 304 - - 68.881 ms
GET /customer/get-name-info?name=Pro%20Waddo%20-%20Sinhala%20Tutorial 304 - - 74.306 ms
GET /customer/get-name-info?name=Namal%20Dilmith 304 - - 97.764 ms
GET /customer/get-name-info?name=Pro%20Waddo%20-%20Sinhala%20Tutorial 304 - - 71.158 ms
GET /customer/get-name-info?name=Namal%20Dilmith 304 - - 83.901 ms
GET /customer/get-name-info?name=Pro%20Waddo%20-%20Sinhala%20Tutorial 304 - - 102.837 ms
GET /customer/get-name-info?name=Namal%20Dilmith 304 - - 107.243 ms
GET /customer/get-name-info?name=Pro%20Waddo%20-%20Sinhala%20Tutorial 304 - - 66.593 ms
GET /customer/get-name-info?name=Namal%20Dilmith 304 - - 69.826 ms
GET /customer/get-name-info?name=Pro%20Waddo%20-%20Sinhala%20Tutorial 304 - - 69.003 ms
GET /customer/get-name-info?name=Namal%20Dilmith 304 - - 189.554 ms
GET /customer/get-name-info?name=Pro%20Waddo%20-%20Sinhala%20Tutorial 304 - - 65.037 ms
GET /customer/get-name-info?name=Namal%20Dilmith 304 - - 101.599 ms
GET /customer/get-name-info?name=Pro%20Waddo%20-%20Sinhala%20Tutorial 304 - - 70.263 ms
GET /customer/get-name-info?name=Namal%20Dilmith 304 - - 68.300 ms
GET /customer/get-name-info?name=Pro%20Waddo%20-%20Sinhala%20Tutorial 304 - - 69.757 ms
GET /customer/get-name-info?name=Namal%20Dilmith 304 - - 82.073 ms
GET /customer/get-name-info?name=Pro%20Waddo%20-%20Sinhala%20Tutorial 304 - - 92.248 ms
GET /customer/get-name-info?name=Namal%20Dilmith 304 - - 82.260 ms
GET /customer/get-name-info?name=Pro%20Waddo%20-%20Sinhala%20Tutorial 304 - - 68.616 ms
GET /customer/get-name-info?name=Namal%20Dilmith 304 - - 66.035 ms
GET /customer/follow-user?name=Pro%20Waddo%20-%20Sinhala%20Tutorial&currentUser=Namal%20Dilmith 404 159 - 69.151 ms
GET /customer/get-name-info?name=Pro%20Waddo%20-%20Sinhala%20Tutorial 304 - - 134.899 ms
GET /customer/follow-user?name=Pro%20Waddo%20-%20Sinhala%20Tutorial&currentUser=Namal%20Dilmith 200 445 - 85.572 ms
GET /customer/get-name-info?name=Pro%20Waddo%20-%20Sinhala%20Tutorial 304 - - 106.673 ms
GET /customer/get-name-info?name=Namal%20Dilmith 304 - - 81.221 ms
GET /customer/get-name-info?name=Pro%20Waddo%20-%20Sinhala%20Tutorial 304 - - 102.857 ms
GET /customer/get-name-info?name=Namal%20Dilmith 304 - - 75.845 ms
GET /customer/get-name-info?name=Pro%20Waddo%20-%20Sinhala%20Tutorial 304 - - 1345.308 ms
GET /customer/get-name-info?name=Namal%20Dilmith 304 - - 1694.277 ms
GET /customer/get-name-info?name=Pro%20Waddo%20-%20Sinhala%20Tutorial 304 - - 72.362 ms
GET /customer/get-name-info?name=Namal%20Dilmith 304 - - 78.750 ms
GET /customer/get-name-info?name=Pro%20Waddo%20-%20Sinhala%20Tutorial 304 - - 84.620 ms
GET /customer/get-name-info?name=Namal%20Dilmith 304 - - 77.302 ms
GET /customer/get-name-info?name=Pro%20Waddo%20-%20Sinhala%20Tutorial 304 - - 66.678 ms
GET /customer/get-name-info?name=Namal%20Dilmith 304 - - 75.857 ms
GET /customer/get-name-info?name=Pro%20Waddo%20-%20Sinhala%20Tutorial 304 - - 87.029 ms
GET /customer/get-name-info?name=Namal%20Dilmith 304 - - 84.637 ms
GET /customer/get-name-info?name=Pro%20Waddo%20-%20Sinhala%20Tutorial 304 - - 80.374 ms
GET /customer/get-name-info?name=Namal%20Dilmith 304 - - 67.101 ms
GET /customer/follow-user-count?name=undefined 500 402 - 74.051 ms
GET /customer/follow-user-count?name=undefined 500 402 - 68.521 ms
GET /customer/get-name-info?name=Namal%20Dilmith 304 - - 78.471 ms
GET /customer/get-name-info?name=Pro%20Waddo%20-%20Sinhala%20Tutorial 304 - - 69.888 ms
GET /customer/follow-user-count?name=undefined 500 402 - 68.333 ms
GET /customer/follow-user-count?name=undefined 500 402 - 85.561 ms
GET /customer/get-name-info?name=Namal%20Dilmith 304 - - 85.907 ms
GET /customer/get-name-info?name=Pro%20Waddo%20-%20Sinhala%20Tutorial 304 - - 74.673 ms
GET /customer/follow-user-count?name=undefined 500 402 - 66.092 ms
GET /customer/follow-user-count?name=undefined 500 402 - 96.466 ms
GET /customer/get-name-info?name=Pro%20Waddo%20-%20Sinhala%20Tutorial 304 - - 81.398 ms
GET /customer/get-name-info?name=Namal%20Dilmith 304 - - 83.313 ms
GET /customer/follow-user-count?name=undefined 500 402 - 71.471 ms
GET /customer/follow-user-count?name=undefined 500 402 - 60.822 ms
GET /customer/get-name-info?name=Pro%20Waddo%20-%20Sinhala%20Tutorial 304 - - 71.715 ms
GET /customer/get-name-info?name=Namal%20Dilmith 304 - - 68.445 ms
GET /customer/follow-user-count?name=prowaddosinhalatutorial@gmail.com 500 402 - 67.159 ms
GET /customer/follow-user-count?name=namaldilmith2@gmail.com 500 402 - 66.565 ms
GET /customer/get-name-info?name=Pro%20Waddo%20-%20Sinhala%20Tutorial 304 - - 60.875 ms
GET /customer/get-name-info?name=Namal%20Dilmith 304 - - 82.077 ms
GET /customer/follow-user-count?name=prowaddosinhalatutorial@gmail.com 500 402 - 65.470 ms
GET /customer/follow-user-count?name=namaldilmith2@gmail.com 500 402 - 65.352 ms
GET /customer/get-name-info?name=Pro%20Waddo%20-%20Sinhala%20Tutorial 304 - - 93.393 ms
GET /customer/get-name-info?name=Namal%20Dilmith 304 - - 80.050 ms
GET /customer/follow-user-count?name=prowaddosinhalatutorial@gmail.com 500 402 - 69.855 ms
GET /customer/follow-user-count?name=namaldilmith2@gmail.com 500 402 - 64.674 ms
GET /customer/get-name-info?name=Pro%20Waddo%20-%20Sinhala%20Tutorial 304 - - 69.182 ms
GET /customer/follow-user-count?name=prowaddosinhalatutorial@gmail.com 500 402 - 67.318 ms
GET /customer/get-name-info?name=Pro%20Waddo%20-%20Sinhala%20Tutorial 304 - - 66.120 ms
GET /customer/get-name-info?name=Namal%20Dilmith 304 - - 69.305 ms
GET /customer/get-name-info?name=Pro%20Waddo%20-%20Sinhala%20Tutorial 304 - - 70.379 ms
GET /customer/get-name-info?name=Namal%20Dilmith 304 - - 81.651 ms
GET /customer/get-name-info?name=Pro%20Waddo%20-%20Sinhala%20Tutorial 304 - - 71.718 ms
GET /customer/get-name-info?name=Namal%20Dilmith 304 - - 65.844 ms
GET /customer/get-name-info?name=Pro%20Waddo%20-%20Sinhala%20Tutorial 304 - - 70.052 ms
GET /customer/get-name-info?name=Namal%20Dilmith 304 - - 69.234 ms
GET /customer/get-name-info?name=Pro%20Waddo%20-%20Sinhala%20Tutorial 304 - - 78.395 ms
GET /customer/get-name-info?name=Namal%20Dilmith 304 - - 80.206 ms
GET /customer/get-name-info?name=Pro%20Waddo%20-%20Sinhala%20Tutorial 304 - - 70.194 ms
GET /customer/get-name-info?name=Pro%20Waddo%20-%20Sinhala%20Tutorial 304 - - 94.241 ms
GET /customer/get-name-info?name=Namal%20Dilmith 304 - - 70.597 ms
GET /customer/get-name-info?name=Pro%20Waddo%20-%20Sinhala%20Tutorial 304 - - 89.280 ms
GET /customer/get-name-info?name=Namal%20Dilmith 304 - - 66.919 ms
GET /customer/get-name-info?name=Pro%20Waddo%20-%20Sinhala%20Tutorial 304 - - 73.657 ms
GET /customer/get-name-info?name=Namal%20Dilmith 304 - - 68.294 ms
GET /customer/get-name-info?name=Pro%20Waddo%20-%20Sinhala%20Tutorial 304 - - 77.150 ms
GET /customer/get-name-info?name=Namal%20Dilmith 304 - - 68.598 ms
GET /customer/get-name-info?name=Pro%20Waddo%20-%20Sinhala%20Tutorial 304 - - 69.270 ms
GET /customer/get-name-info?name=Namal%20Dilmith 304 - - 68.421 ms
GET /customer/get-name-info?name=Pro%20Waddo%20-%20Sinhala%20Tutorial 304 - - 79.846 ms
GET /customer/get-name-info?name=Namal%20Dilmith 304 - - 82.535 ms
GET /customer/get-name-info?name=Pro%20Waddo%20-%20Sinhala%20Tutorial 304 - - 70.445 ms
GET /customer/get-name-info?name=Namal%20Dilmith 304 - - 91.812 ms
GET /customer/get-name-info?name=Pro%20Waddo%20-%20Sinhala%20Tutorial 304 - - 80.450 ms
GET /customer/get-name-info?name=Namal%20Dilmith 304 - - 76.363 ms
GET /customer/get-name-info?name=Pro%20Waddo%20-%20Sinhala%20Tutorial 304 - - 69.787 ms
GET /customer/get-name-info?name=Pro%20Waddo%20-%20Sinhala%20Tutorial 304 - - 71.647 ms
GET /customer/get-name-info?name=Pro%20Waddo%20-%20Sinhala%20Tutorial 304 - - 78.974 ms
GET /customer/get-name-info?name=Pro%20Waddo%20-%20Sinhala%20Tutorial 304 - - 67.959 ms
GET /customer/get-name-info?name=Pro%20Waddo%20-%20Sinhala%20Tutorial 304 - - 70.887 ms
GET /customer/get-name-info?name=Pro%20Waddo%20-%20Sinhala%20Tutorial 304 - - 82.316 ms
GET /customer/get-name-info?name=Pro%20Waddo%20-%20Sinhala%20Tutorial 304 - - 77.188 ms
GET /customer/get-name-info?name=Pro%20Waddo%20-%20Sinhala%20Tutorial 304 - - 77.304 ms
GET /customer/get-name-info?name=Pro%20Waddo%20-%20Sinhala%20Tutorial 304 - - 71.540 ms
GET /customer/get-name-info?name=Pro%20Waddo%20-%20Sinhala%20Tutorial 304 - - 69.580 ms
GET /customer/get-name-info?name=Pro%20Waddo%20-%20Sinhala%20Tutorial 304 - - 80.551 ms
GET /customer/get-name-info?name=Pro%20Waddo%20-%20Sinhala%20Tutorial 304 - - 70.080 ms
GET /customer/get-name-info?name=Pro%20Waddo%20-%20Sinhala%20Tutorial 304 - - 68.234 ms
GET /customer/get-name-info?name=Pro%20Waddo%20-%20Sinhala%20Tutorial 304 - - 69.237 ms
GET /customer/get-name-info?name=Pro%20Waddo%20-%20Sinhala%20Tutorial 304 - - 70.677 ms
GET /customer/get-name-info?name=Pro%20Waddo%20-%20Sinhala%20Tutorial 304 - - 84.887 ms
GET /customer/get-name-info?name=Pro%20Waddo%20-%20Sinhala%20Tutorial 304 - - 66.744 ms
GET /customer/get-name-info?name=Pro%20Waddo%20-%20Sinhala%20Tutorial 304 - - 73.969 ms
GET /customer/get-name-info?name=Pro%20Waddo%20-%20Sinhala%20Tutorial 304 - - 77.925 ms
GET /customer/get-name-info?name=Pro%20Waddo%20-%20Sinhala%20Tutorial 304 - - 76.689 ms
GET /customer/get-name-info?name=Pro%20Waddo%20-%20Sinhala%20Tutorial 304 - - 68.274 ms
GET /customer/get-name-info?name=Pro%20Waddo%20-%20Sinhala%20Tutorial 304 - - 83.756 ms
GET /customer/get-name-info?name=Pro%20Waddo%20-%20Sinhala%20Tutorial 304 - - 69.187 ms
GET /customer/follow-user-count?name=Pro%20Waddo%20-%20Sinhala%20Tutorial - - - - ms
GET /customer/get-name-info?name=Pro%20Waddo%20-%20Sinhala%20Tutorial 304 - - 71.477 ms
GET /customer/get-name-info?name=Pro%20Waddo%20-%20Sinhala%20Tutorial 304 - - 82.613 ms
GET /customer/get-name-info?name=Namal%20Dilmith 304 - - 80.184 ms
GET /customer/get-name-info?name=Pro%20Waddo%20-%20Sinhala%20Tutorial 304 - - 66.093 ms
GET /customer/get-name-info?name=Namal%20Dilmith 304 - - 82.937 ms
GET /customer/get-name-info?name=Pro%20Waddo%20-%20Sinhala%20Tutorial 304 - - 67.574 ms
GET /customer/follow-user-count?name= 500 402 - 74.177 ms
GET /customer/follow-user-count?name= 500 402 - 73.378 ms
GET /customer/get-name-info?name=Namal%20Dilmith 304 - - 83.929 ms
GET /customer/get-name-info?name=Pro%20Waddo%20-%20Sinhala%20Tutorial 304 - - 66.424 ms
GET /customer/follow-user-count?name=https://lh3.googleusercontent.com/a/ACg8ocJK4kXi6HDolO5ORVX_6LJj0OAQM7-fvFcXrXw1ML7Ni2oF7pA=s96-c 500 402 - 87.619 ms
GET /customer/follow-user-count?name=https://lh3.googleusercontent.com/a/ACg8ocJz61zsEFxu2xu7Tj-CVKzdP-mBvA3mZi16C-fCh-OCyUwHQ5Ky=s96-c 500 402 - 70.123 ms
GET /customer/get-name-info?name=Namal%20Dilmith 304 - - 81.228 ms
GET /customer/get-name-info?name=Pro%20Waddo%20-%20Sinhala%20Tutorial 304 - - 81.910 ms
GET /customer/get-name-info?name=Namal%20Dilmith 304 - - 78.696 ms
GET /customer/follow-user-count?name=Pro%20Waddo%20-%20Sinhala%20Tutorial - - - - ms
GET /customer/follow-user-count?name=Pro%20Waddo%20-%20Sinhala%20Tutorial - - - - ms
GET /customer/follow-user-count?name=Pro%20Waddo%20-%20Sinhala%20Tutorial - - - - ms
GET /customer/follow-user-count?name=Pro%20Waddo%20-%20Sinhala%20Tutorial - - - - ms
GET /customer/follow-user-count?name= 500 402 - 67.006 ms
GET /customer/get-name-info?name=Pro%20Waddo%20-%20Sinhala%20Tutorial 304 - - 70.181 ms
GET /customer/follow-user-count?name=Pro%20Waddo%20-%20Sinhala%20Tutorial - - - - ms
GET /customer/follow-user-count?name= 500 402 - 73.300 ms
GET /customer/get-name-info?name=Pro%20Waddo%20-%20Sinhala%20Tutorial 304 - - 81.712 ms
GET /customer/follow-user-count?name=Pro%20Waddo%20-%20Sinhala%20Tutorial - - - - ms
GET /customer/follow-user-count?name= 500 402 - 74.141 ms
GET /customer/get-name-info?name=Pro%20Waddo%20-%20Sinhala%20Tutorial 304 - - 103.072 ms
GET /customer/get-name-info?name=Pro%20Waddo%20-%20Sinhala%20Tutorial 304 - - 81.602 ms
GET /customer/follow-user-count?name=https://lh3.googleusercontent.com/a/ACg8ocJK4kXi6HDolO5ORVX_6LJj0OAQM7-fvFcXrXw1ML7Ni2oF7pA=s96-c 500 402 - 82.800 ms
GET /customer/follow-user-count?name=https://lh3.googleusercontent.com/a/ACg8ocJz61zsEFxu2xu7Tj-CVKzdP-mBvA3mZi16C-fCh-OCyUwHQ5Ky=s96-c 500 402 - 74.575 ms
GET /customer/get-name-info?name=Namal%20Dilmith 304 - - 83.981 ms
GET /customer/follow-user-count?name=Pro%20Waddo%20-%20Sinhala%20Tutorial - - - - ms
GET /customer/get-name-info?name=Pro%20Waddo%20-%20Sinhala%20Tutorial 304 - - 95.887 ms
GET /customer/follow-user-count?name= 500 402 - 94.601 ms
GET /customer/follow-user-count?name=https://lh3.googleusercontent.com/a/ACg8ocJK4kXi6HDolO5ORVX_6LJj0OAQM7-fvFcXrXw1ML7Ni2oF7pA=s96-c 500 402 - 70.030 ms
GET /customer/get-name-info?name=Pro%20Waddo%20-%20Sinhala%20Tutorial 304 - - 84.810 ms
GET /customer/follow-user-count?name= 500 402 - 78.897 ms
GET /customer/follow-user-count?name=https://lh3.googleusercontent.com/a/ACg8ocJK4kXi6HDolO5ORVX_6LJj0OAQM7-fvFcXrXw1ML7Ni2oF7pA=s96-c 500 402 - 76.990 ms
GET /customer/follow-user-count?name= 500 372 - 101.451 ms
GET /customer/get-name-info?name=Pro%20Waddo%20-%20Sinhala%20Tutorial 200 445 - 152.124 ms
GET /customer/follow-user-count?name=https://lh3.googleusercontent.com/a/ACg8ocJK4kXi6HDolO5ORVX_6LJj0OAQM7-fvFcXrXw1ML7Ni2oF7pA=s96-c 500 372 - 84.538 ms
GET /customer/get-name-info?name=Pro%20Waddo%20-%20Sinhala%20Tutorial 304 - - 120.463 ms
GET /customer/follow-user?name=Pro%20Waddo%20-%20Sinhala%20Tutorial&currentUser=Namal%20Dilmith 304 - - 83.752 ms
GET /customer/follow-user-count?name=https://lh3.googleusercontent.com/a/ACg8ocJK4kXi6HDolO5ORVX_6LJj0OAQM7-fvFcXrXw1ML7Ni2oF7pA=s96-c - - - - ms
GET /customer/follow-user-count?name= - - - - ms
GET /customer/get-name-info?name=Pro%20Waddo%20-%20Sinhala%20Tutorial 304 - - 73.090 ms
GET /customer/follow-user-count?name= - - - - ms
GET /customer/follow-user-count?name=https://lh3.googleusercontent.com/a/ACg8ocJK4kXi6HDolO5ORVX_6LJj0OAQM7-fvFcXrXw1ML7Ni2oF7pA=s96-c - - - - ms
GET /customer/get-name-info?name=Pro%20Waddo%20-%20Sinhala%20Tutorial 304 - - 80.598 ms
GET /customer/follow-user?name=Pro%20Waddo%20-%20Sinhala%20Tutorial&currentUser=Namal%20Dilmith 304 - - 78.836 ms
GET /customer/get-name-info?name=Pro%20Waddo%20-%20Sinhala%20Tutorial 304 - - 117.606 ms
GET /customer/follow-user?name=Pro%20Waddo%20-%20Sinhala%20Tutorial&currentUser=Namal%20Dilmith 201 234 - 170.226 ms
GET /customer/follow-user-count?name= - - - - ms
GET /customer/follow-user-count?name=https://lh3.googleusercontent.com/a/ACg8ocJK4kXi6HDolO5ORVX_6LJj0OAQM7-fvFcXrXw1ML7Ni2oF7pA=s96-c - - - - ms
GET /customer/get-name-info?name=Pro%20Waddo%20-%20Sinhala%20Tutorial 304 - - 93.002 ms
GET /customer/follow-user-count?name=https://lh3.googleusercontent.com/a/ACg8ocJK4kXi6HDolO5ORVX_6LJj0OAQM7-fvFcXrXw1ML7Ni2oF7pA=s96-c - - - - ms
GET /customer/follow-user-count?name= - - - - ms
GET /customer/get-name-info?name=Pro%20Waddo%20-%20Sinhala%20Tutorial 304 - - 76.349 ms
GET /customer/get-name-info?name=Pro%20Waddo%20-%20Sinhala%20Tutorial 304 - - 114.729 ms
GET /customer/follow-user-count?name= - - - - ms
GET /customer/get-name-info?name=Pro%20Waddo%20-%20Sinhala%20Tutorial - - - - ms
GET /customer/follow-user-count?name= - - - - ms
GET /customer/get-name-info?name=Pro%20Waddo%20-%20Sinhala%20Tutorial 200 445 - 72.329 ms
GET /customer/get-name-info?name=Pro%20Waddo%20-%20Sinhala%20Tutorial 304 - - 75.876 ms
GET /customer/get-name-info?name=Namal%20Dilmith 304 - - 67.683 ms
GET /customer/get-name-info?name=Namal%20Dilmith 304 - - 78.950 ms
GET /customer/get-name-info?name=Pro%20Waddo%20-%20Sinhala%20Tutorial 304 - - 99.313 ms
GET /customer/follow-user-count?name= - - - - ms
GET /customer/follow-user-count?name=https://lh3.googleusercontent.com/a/ACg8ocJK4kXi6HDolO5ORVX_6LJj0OAQM7-fvFcXrXw1ML7Ni2oF7pA=s96-c - - - - ms
GET /customer/follow-user-count?name=Pro%20Waddo%20-%20Sinhala%20Tutorial - - - - ms
GET /customer/get-name-info?name=Pro%20Waddo%20-%20Sinhala%20Tutorial 304 - - 89.171 ms
GET /customer/follow-user-count?name= - - - - ms
GET /customer/follow-user-count?name=Pro%20Waddo%20-%20Sinhala%20Tutorial - - - - ms
GET /customer/get-name-info?name=Pro%20Waddo%20-%20Sinhala%20Tutorial 304 - - 68.334 ms
GET /customer/get-name-info?name=Pro%20Waddo%20-%20Sinhala%20Tutorial 304 - - 111.027 ms
GET /customer/follow-user-count?name=Pro%20Waddo%20-%20Sinhala%20Tutorial - - - - ms
GET /customer/follow-user-count?name= - - - - ms
GET /customer/get-name-info?name=Pro%20Waddo%20-%20Sinhala%20Tutorial 304 - - 73.453 ms
GET /customer/follow-user-count?name= 400 30 - 2.914 ms
GET /customer/get-name-info?name=Pro%20Waddo%20-%20Sinhala%20Tutorial 304 - - 107.176 ms
GET /customer/follow-user-count?name=Pro%20Waddo%20-%20Sinhala%20Tutorial 200 53 - 147.565 ms
GET /customer/follow-user-count?name= 400 30 - 0.238 ms
GET /customer/get-name-info?name=Pro%20Waddo%20-%20Sinhala%20Tutorial 304 - - 80.782 ms
GET /customer/follow-user-count?name=Pro%20Waddo%20-%20Sinhala%20Tutorial 304 - - 132.036 ms
GET /customer/follow-user-count?name= 400 30 - 0.633 ms
GET /customer/get-name-info?name=Pro%20Waddo%20-%20Sinhala%20Tutorial 304 - - 69.455 ms
GET /customer/follow-user-count?name=Pro%20Waddo%20-%20Sinhala%20Tutorial 304 - - 135.916 ms
GET /customer/get-name-info?name=Pro%20Waddo%20-%20Sinhala%20Tutorial 304 - - 71.067 ms
GET /customer/follow-user-count?name=Pro%20Waddo%20-%20Sinhala%20Tutorial 304 - - 145.350 ms
GET /customer/get-name-info?name=Namal%20Dilmith 304 - - 77.367 ms
GET /customer/follow-user-count?name=Namal%20Dilmith 200 38 - 153.552 ms
GET /customer/get-name-info?name=Namal%20Dilmith 304 - - 76.336 ms
GET /customer/get-name-info?name=Pro%20Waddo%20-%20Sinhala%20Tutorial 304 - - 71.886 ms
GET /customer/follow-user-count?name=Namal%20Dilmith 304 - - 136.533 ms
GET /customer/follow-user-count?name=Pro%20Waddo%20-%20Sinhala%20Tutorial 304 - - 126.799 ms
GET /customer/get-name-info?name=Pro%20Waddo%20-%20Sinhala%20Tutorial 304 - - 65.588 ms
GET /customer/follow-user-count?name=Pro%20Waddo%20-%20Sinhala%20Tutorial 304 - - 137.091 ms
GET /customer/follow-user?name=Pro%20Waddo%20-%20Sinhala%20Tutorial&currentUser=Namal%20Dilmith 500 35 - 11918.182 ms
GET /customer/get-name-info?name=Pro%20Waddo%20-%20Sinhala%20Tutorial - - - - ms
GET /customer/get-name-info?name=Pro%20Waddo%20-%20Sinhala%20Tutorial - - - - ms
GET /customer/get-name-info?name=Pro%20Waddo%20-%20Sinhala%20Tutorial 200 445 - 77.593 ms
GET /customer/follow-user-count?name=Pro%20Waddo%20-%20Sinhala%20Tutorial 304 - - 140.635 ms
GET /customer/get-name-info?name=Pro%20Waddo%20-%20Sinhala%20Tutorial 304 - - 101.041 ms
GET /customer/follow-user-count?name=Pro%20Waddo%20-%20Sinhala%20Tutorial 304 - - 144.023 ms
GET /customer/get-name-info?name=Namal%20Dilmith 304 - - 113.954 ms
GET /customer/follow-user-count?name=Namal%20Dilmith 304 - - 153.989 ms
GET /customer/get-name-info?name=Namal%20Dilmith 304 - - 77.711 ms
GET /customer/follow-user-count?name=Namal%20Dilmith - - - - ms
GET /customer/get-name-info?name=Namal%20Dilmith - - - - ms
GET /customer/get-name-info?name=Namal%20Dilmith 200 535 - 77.124 ms
GET /customer/follow-user-count?name=Namal%20Dilmith 200 38 - 145.508 ms
GET /customer/get-name-info?name=Namal%20Dilmith 304 - - 76.497 ms
GET /customer/follow-user-count?name=Namal%20Dilmith 304 - - 165.710 ms
GET /customer/get-name-info?name=Namal%20Dilmith 304 - - 68.716 ms
GET /customer/follow-user-count?name=Namal%20Dilmith 304 - - 133.719 ms
GET /customer/get-name-info?name=Namal%20Dilmith 304 - - 70.727 ms
GET /customer/follow-user-count?name=Namal%20Dilmith 304 - - 147.531 ms
GET /customer/get-name-info?name=Namal%20Dilmith 304 - - 93.201 ms
GET /customer/follow-user-count?name=Namal%20Dilmith 304 - - 146.621 ms
GET /customer/get-name-info?name=Namal%20Dilmith 304 - - 69.755 ms
GET /customer/follow-user-count?name=Namal%20Dilmith 304 - - 162.697 ms
GET /customer/get-name-info?name=Namal%20Dilmith 304 - - 83.547 ms
GET /customer/follow-user-count?name=Namal%20Dilmith 304 - - 154.032 ms
GET /customer/get-name-info?name=Namal%20Dilmith 304 - - 68.822 ms
GET /customer/follow-user-count?name=Namal%20Dilmith 304 - - 165.452 ms
GET /customer/get-name-info?name=Namal%20Dilmith 304 - - 74.310 ms
GET /customer/follow-user-count?name=Namal%20Dilmith 304 - - 136.461 ms
GET /customer/get-name-info?name=Namal%20Dilmith 304 - - 79.334 ms
GET /customer/follow-user-count?name=Namal%20Dilmith 304 - - 143.852 ms
GET /customer/get-name-info?name=Namal%20Dilmith 304 - - 74.203 ms
GET /customer/follow-user-count?name=Namal%20Dilmith 304 - - 140.845 ms
GET /customer/get-name-info?name=Namal%20Dilmith 304 - - 70.175 ms
GET /customer/follow-user-count?name=Namal%20Dilmith 304 - - 154.189 ms
POST /customer/login-customer 200 941 - 197.354 ms
GET /customer/get-following-phosts?currentUser=Namal%20Dilmith 200 290 - 225.051 ms
GET /customer/get-following-phosts?currentUser=Namal%20Dilmith 304 - - 224.095 ms
GET /customer/get-following-phosts?currentUser=Namal%20Dilmith 304 - - 193.383 ms
GET /customer/get-following-phosts?currentUser=Namal%20Dilmith - - - - ms
GET /customer/get-following-phosts?currentUser=Namal%20Dilmith 200 207 - 1743.664 ms
GET /customer/get-following-phosts?currentUser=Namal%20Dilmith 304 - - 226.024 ms
GET /customer/get-following-phosts?currentUser=Namal%20Dilmith 304 - - 217.107 ms
GET /customer/get-following-phosts?currentUser=Namal%20Dilmith 304 - - 221.891 ms
GET /customer/get-following-phosts?currentUser=Namal%20Dilmith 304 - - 204.694 ms
GET /customer/get-following-phosts?currentUser=Namal%20Dilmith 304 - - 231.787 ms
GET /customer/get-following-phosts?currentUser=Namal%20Dilmith 304 - - 207.206 ms
GET /customer/get-following-phosts?currentUser=Namal%20Dilmith 304 - - 206.229 ms
GET /customer/get-following-phosts?currentUser=Namal%20Dilmith 304 - - 212.142 ms
GET /customer/get-following-phosts?currentUser=Namal%20Dilmith 304 - - 198.860 ms
GET /customer/get-following-phosts?currentUser=Namal%20Dilmith 304 - - 200.246 ms
GET /customer/get-following-phosts?currentUser=Namal%20Dilmith 304 - - 214.636 ms
GET /customer/get-following-phosts?currentUser=Namal%20Dilmith 304 - - 210.283 ms
GET /customer/get-following-phosts?currentUser=Namal%20Dilmith 304 - - 219.213 ms
GET /customer/get-following-phosts?currentUser=Namal%20Dilmith 304 - - 198.727 ms
GET /customer/get-following-phosts?currentUser=Namal%20Dilmith 304 - - 205.815 ms
GET /customer/get-following-phosts?currentUser=Namal%20Dilmith 304 - - 217.860 ms
GET /customer/get-following-phosts?currentUser=Namal%20Dilmith 304 - - 212.008 ms
GET /customer/get-following-phosts?currentUser=Namal%20Dilmith 304 - - 198.860 ms
GET /customer/get-following-phosts?currentUser=Namal%20Dilmith 304 - - 214.268 ms
GET /customer/get-following-phosts?currentUser=Namal%20Dilmith 304 - - 222.936 ms
GET /customer/get-following-phosts?currentUser=Namal%20Dilmith 304 - - 226.143 ms
GET /customer/get-following-phosts?currentUser=Namal%20Dilmith 304 - - 231.060 ms
GET /customer/get-following-phosts?currentUser=Namal%20Dilmith 304 - - 280.026 ms
GET /customer/get-following-phosts?currentUser=Namal%20Dilmith 304 - - 238.581 ms
GET /customer/get-following-phosts?currentUser=Namal%20Dilmith 304 - - 205.303 ms
GET /customer/get-following-phosts?currentUser=Namal%20Dilmith 304 - - 212.707 ms
GET /customer/get-following-phosts?currentUser=Namal%20Dilmith 304 - - 206.486 ms
GET /customer/get-following-phosts?currentUser=Namal%20Dilmith 304 - - 195.649 ms
GET /customer/get-following-phosts?currentUser=Namal%20Dilmith 304 - - 219.918 ms
GET /customer/get-following-phosts?currentUser=Namal%20Dilmith 304 - - 199.789 ms
GET /customer/get-following-phosts?currentUser=Namal%20Dilmith 304 - - 215.274 ms
GET /customer/get-following-phosts?currentUser=Namal%20Dilmith 304 - - 240.266 ms
GET /customer/get-following-phosts?currentUser=Namal%20Dilmith 304 - - 202.613 ms
GET /customer/get-following-phosts?currentUser=Namal%20Dilmith 304 - - 212.711 ms
GET /customer/get-following-phosts?currentUser=Namal%20Dilmith 304 - - 209.530 ms
GET /customer/get-following-phosts?currentUser=Namal%20Dilmith 304 - - 206.095 ms
GET /customer/get-following-phosts?currentUser=Namal%20Dilmith 304 - - 202.894 ms
GET /customer/get-following-phosts?currentUser=Namal%20Dilmith 304 - - 289.137 ms
GET /customer/get-following-phosts?currentUser=Namal%20Dilmith 304 - - 207.440 ms
GET /customer/get-following-phosts?currentUser=Namal%20Dilmith 304 - - 214.954 ms
GET /customer/get-following-phosts?currentUser=Namal%20Dilmith 304 - - 256.344 ms
GET /customer/get-following-phosts?currentUser=Namal%20Dilmith 304 - - 206.033 ms
GET /customer/get-following-phosts?currentUser=Namal%20Dilmith 304 - - 226.178 ms
GET /customer/get-following-phosts?currentUser=Namal%20Dilmith 304 - - 277.913 ms
GET /customer/get-following-phosts?currentUser=Namal%20Dilmith 304 - - 197.708 ms
GET /customer/get-following-phosts?currentUser=Namal%20Dilmith 304 - - 224.023 ms
GET /customer/get-following-phosts?currentUser=Namal%20Dilmith 304 - - 230.072 ms
GET /customer/get-following-phosts?currentUser=Namal%20Dilmith 304 - - 207.219 ms
GET /customer/get-following-phosts?currentUser=Namal%20Dilmith 304 - - 195.444 ms
GET /customer/get-following-phosts?currentUser=Namal%20Dilmith 304 - - 199.863 ms
GET /customer/get-following-phosts?currentUser=Namal%20Dilmith 304 - - 220.301 ms
GET /customer/get-following-phosts?currentUser=Namal%20Dilmith 304 - - 220.155 ms
GET /customer/get-following-phosts?currentUser=Namal%20Dilmith 304 - - 219.476 ms
GET /customer/get-following-phosts?currentUser=Namal%20Dilmith 304 - - 243.500 ms
GET /customer/get-following-phosts?currentUser=Namal%20Dilmith 304 - - 208.188 ms
GET /customer/get-following-phosts?currentUser=Namal%20Dilmith 304 - - 220.797 ms
GET /customer/get-following-phosts?currentUser=Namal%20Dilmith 304 - - 210.488 ms
GET /customer/get-following-phosts?currentUser=Namal%20Dilmith 304 - - 281.128 ms
GET /customer/get-following-phosts?currentUser=Namal%20Dilmith 304 - - 211.015 ms
GET /customer/get-following-phosts?currentUser=Namal%20Dilmith 304 - - 211.506 ms
GET /customer/get-following-phosts?currentUser=Namal%20Dilmith 304 - - 204.556 ms
GET /customer/get-following-phosts?currentUser=Namal%20Dilmith 304 - - 196.723 ms
GET /customer/get-following-phosts?currentUser=Namal%20Dilmith 304 - - 214.104 ms
GET /customer/get-following-phosts?currentUser=Namal%20Dilmith 304 - - 275.184 ms
GET /customer/get-following-phosts?currentUser=Namal%20Dilmith 304 - - 236.453 ms
GET /customer/get-following-phosts?currentUser=Namal%20Dilmith 304 - - 224.106 ms
GET /customer/get-following-phosts?currentUser=Namal%20Dilmith 304 - - 212.972 ms
GET /customer/get-following-phosts?currentUser=Namal%20Dilmith 304 - - 216.615 ms
GET /customer/get-following-phosts?currentUser=Namal%20Dilmith 304 - - 229.712 ms
GET /customer/get-following-phosts?currentUser=Namal%20Dilmith 304 - - 215.048 ms
GET /customer/get-following-phosts?currentUser=Namal%20Dilmith 304 - - 212.418 ms
GET /customer/get-following-phosts?currentUser=Namal%20Dilmith 304 - - 217.007 ms
GET /customer/get-following-phosts?currentUser=Namal%20Dilmith 304 - - 221.486 ms
GET /customer/get-following-phosts?currentUser=Namal%20Dilmith 304 - - 1043.670 ms
POST /customer/login-customer 200 942 - 246.322 ms
POST /customer/login-customer 200 942 - 160.493 ms
POST /customer/login-customer 200 942 - 152.561 ms
POST /customer/login-customer 200 942 - 152.908 ms
POST /customer/login-customer 200 942 - 171.612 ms
POST /customer/login-customer 200 942 - 162.440 ms
POST /customer/login-customer 200 942 - 155.995 ms
POST /customer/login-customer 200 942 - 159.634 ms
POST /customer/login-customer 200 942 - 163.305 ms
POST /customer/login-customer 200 942 - 173.608 ms
POST /customer/login-customer 200 942 - 250.915 ms
POST /customer/login-customer 200 1028 - 427.472 ms
POST /customer/login-customer 200 583 - 299.872 ms
POST /customer/login-customer 200 583 - 234.303 ms
POST /customer/login-customer 200 583 - 256.109 ms
POST /customer/login-customer 200 583 - 230.283 ms
POST /customer/login-customer 200 583 - 246.868 ms
POST /customer/login-customer 200 436 - 218.983 ms
POST /customer/login-customer 500 215 - 222.738 ms
POST /customer/login-customer 500 215 - 213.655 ms
POST /customer/login-customer 200 533 - 3261.469 ms
POST /customer/login-customer 200 533 - 243.483 ms
POST /customer/login-customer 200 535 - 308.499 ms
POST /customer/login-customer 200 638 - 281.004 ms
POST /customer/login-customer 500 196 - 164.234 ms
POST /customer/login-customer 500 196 - 145.454 ms
POST /customer/login-customer 500 196 - 155.501 ms
POST /customer/login-customer 500 196 - 144.712 ms
POST /customer/login-customer 500 196 - 164.479 ms
POST /customer/login-customer 200 461 - 259.821 ms
POST /customer/login-customer 200 583 - 271.396 ms
GET /customer/get-name-info?name=Pro%20Waddo%20-%20Sinhala%20Tutorial 200 445 - 114.188 ms
GET /customer/follow-user-count?name=Pro%20Waddo%20-%20Sinhala%20Tutorial 304 - - 149.722 ms
GET /customer/get-name-info?name=Pro%20Waddo%20-%20Sinhala%20Tutorial 304 - - 92.425 ms
GET /customer/follow-user-count?name=Pro%20Waddo%20-%20Sinhala%20Tutorial 304 - - 145.588 ms
GET /customer/get-name-info?name=Pro%20Waddo%20-%20Sinhala%20Tutorial 304 - - 98.071 ms
GET /customer/follow-user-count?name=Pro%20Waddo%20-%20Sinhala%20Tutorial 304 - - 160.100 ms
POST /customer/login-customer 403 42 - 84.191 ms
GET /customer/get-name-info?name=Pro%20Waddo%20-%20Sinhala%20Tutorial 304 - - 131.694 ms
GET /customer/follow-user-count?name=Pro%20Waddo%20-%20Sinhala%20Tutorial 304 - - 162.552 ms
GET /customer/get-name-info?name=Pro%20Waddo%20-%20Sinhala%20Tutorial 304 - - 80.420 ms
GET /customer/follow-user-count?name=Pro%20Waddo%20-%20Sinhala%20Tutorial 304 - - 141.359 ms
POST /customer/login-customer 200 583 - 305.070 ms
POST /customer/login-customer 200 583 - 223.244 ms
POST /customer/login-customer 200 583 - 259.135 ms
POST /customer/login-customer 200 583 - 299.849 ms
POST /customer/login-customer 200 583 - 306.796 ms
POST /customer/login-customer 200 583 - 301.492 ms
POST /customer/login-customer 200 583 - 241.583 ms
POST /customer/login-customer 200 583 - 227.225 ms
POST /customer/login-customer 200 583 - 234.036 ms
POST /customer/login-customer 200 583 - 270.984 ms
POST /customer/login-customer - - - - ms
POST /customer/login-customer 200 277 - 253.497 ms
POST /customer/login-customer 200 563 - 298.831 ms
POST /customer/login-customer 200 563 - 337.046 ms
POST /customer/login-customer 200 548 - 8108.061 ms
POST /customer/login-customer 200 548 - 324.109 ms
POST /customer/login-customer 200 548 - 222.905 ms
POST /customer/login-customer 200 548 - 297.026 ms
POST /customer/login-customer 200 548 - 242.095 ms
POST /customer/login-customer 200 548 - 300.907 ms
POST /customer/login-customer 200 548 - 348.411 ms
POST /customer/login-customer 200 548 - 284.178 ms
POST /customer/login-customer 200 548 - 333.599 ms
POST /customer/login-customer 200 548 - 315.843 ms
POST /customer/login-customer 200 548 - 261.517 ms
POST /customer/login-customer 200 548 - 311.438 ms
POST /customer/login-customer 200 548 - 303.285 ms
POST /customer/login-customer 200 548 - 349.801 ms
POST /customer/login-customer 200 548 - 276.837 ms
POST /customer/login-customer 200 583 - 276.645 ms
POST /customer/login-customer 200 583 - 338.914 ms
POST /customer/login-customer 200 583 - 221.172 ms
POST /customer/login-customer 200 583 - 312.705 ms
POST /customer/login-customer 200 583 - 300.559 ms
POST /customer/login-customer 200 583 - 309.532 ms
POST /customer/login-customer 200 583 - 324.814 ms
POST /customer/login-customer 200 583 - 329.388 ms
POST /customer/login-customer 200 583 - 291.939 ms
POST /customer/login-customer 200 583 - 290.051 ms
POST /customer/login-customer 200 583 - 310.858 ms
POST /customer/login-customer 200 583 - 355.380 ms
GET /customer/get-name-info?name=Pro%20Waddo%20-%20Sinhala%20Tutorial 304 - - 89.192 ms
GET /customer/follow-user-count?name=Pro%20Waddo%20-%20Sinhala%20Tutorial 304 - - 161.060 ms
POST /customer/login-customer 200 583 - 327.964 ms
GET /customer/get-name-info?name=Pro%20Waddo%20-%20Sinhala%20Tutorial 304 - - 79.126 ms
GET /customer/follow-user-count?name=Pro%20Waddo%20-%20Sinhala%20Tutorial 304 - - 140.636 ms
POST /customer/login-customer 200 277 - 303.358 ms
POST /customer/login-customer 200 277 - 281.070 ms
POST /customer/login-customer 200 583 - 252.173 ms
GET /customer/refresh-token 404 161 - 14.026 ms
GET /customer/refresh-token 404 161 - 1.175 ms
GET /customer/refresh-token 404 161 - 0.405 ms
GET /customer/refresh-token 404 161 - 0.447 ms
GET /customer/refresh-token 404 161 - 0.351 ms
GET /customer/refresh-token 404 161 - 1.308 ms
GET /customer/refresh-token 404 161 - 2.159 ms
GET /customer/refresh-token 404 161 - 1.686 ms
GET /customer/refresh-token 404 161 - 2.691 ms
GET /customer/refresh-token 404 161 - 0.649 ms
GET /customer/refresh-token 404 161 - 0.332 ms
GET /customer/refresh-token 404 161 - 0.361 ms
GET /customer/refresh-token 404 161 - 0.674 ms
GET /customer/refresh-token 404 161 - 1.315 ms
GET /customer/refresh-token 404 161 - 0.341 ms
GET /customer/refresh-token 404 161 - 0.291 ms
POST /customer/login-customer 200 583 - 586.595 ms
GET /customer/refresh-token 404 161 - 0.344 ms
GET /customer/refresh-token 404 161 - 0.406 ms
GET /customer/refresh-token 401 30 - 5.748 ms
GET /customer/refresh-token 401 30 - 0.690 ms
POST /customer/login-customer 200 583 - 260.838 ms
POST /customer/login-customer 200 583 - 339.650 ms
GET /customer/refresh-token 401 30 - 5.222 ms
POST /customer/login-customer 200 583 - 4517.300 ms
POST /customer/login-customer 200 583 - 5313.680 ms
POST /customer/login-customer 200 583 - 293.346 ms
GET /customer/refresh-token 401 30 - 4.297 ms
POST /customer/login-customer 200 583 - 272.115 ms
POST /customer/login-customer 200 583 - 272.761 ms
POST /customer/login-customer 200 583 - 315.810 ms
GET /customer/refresh-token 401 30 - 0.713 ms
POST /customer/login-customer 200 583 - 274.686 ms
GET /customer/refresh-token 401 30 - 18.000 ms
POST /customer/login-customer 200 583 - 394.556 ms
POST /customer/login-customer 200 583 - 232.137 ms
POST /customer/login-customer 200 583 - 240.450 ms
POST /customer/login-customer 200 583 - 295.594 ms
GET /customer/refresh-token 401 30 - 1.424 ms
GET /customer/refresh-token 401 30 - 0.281 ms
POST /customer/login-customer 200 583 - 321.414 ms
POST /customer/login-customer 200 583 - 307.137 ms
POST /customer/login-customer 200 277 - 259.471 ms
GET /customer/refresh-token 401 30 - 1.279 ms
GET /customer/refresh-token 401 30 - 0.527 ms
POST /customer/login-customer 200 583 - 330.580 ms
GET /customer/refresh-token 401 30 - 1.033 ms
GET /customer/refresh-token 401 30 - 0.524 ms
GET /customer/refresh-token 401 30 - 0.392 ms
GET /customer/refresh-token 401 30 - 0.330 ms
POST /customer/login-customer 200 583 - 235.092 ms
GET /customer/refresh-token 401 30 - 13.476 ms
GET /customer/refresh-token 401 30 - 2.200 ms
POST /customer/login-customer 200 583 - 370.531 ms
GET /customer/get-name-info?name=Pro%20Waddo%20-%20Sinhala%20Tutorial 304 - - 101.276 ms
GET /customer/follow-user-count?name=Pro%20Waddo%20-%20Sinhala%20Tutorial 304 - - 161.045 ms
GET /customer/refresh-token 401 30 - 1.805 ms
GET /customer/refresh-token 401 30 - 0.293 ms
GET /customer/refresh-token 401 30 - 0.599 ms
GET /customer/refresh-token 401 30 - 0.332 ms
GET /customer/refresh-token 401 30 - 0.412 ms
GET /customer/refresh-token 401 30 - 0.262 ms
GET /customer/refresh-token 401 30 - 0.258 ms
GET /customer/refresh-token 401 30 - 0.227 ms
GET /customer/refresh-token 401 30 - 0.472 ms
GET /customer/refresh-token 401 30 - 0.353 ms
POST /customer/login-customer 200 583 - 337.149 ms
GET /customer/refresh-token 401 30 - 0.517 ms
GET /customer/refresh-token 401 30 - 0.332 ms
GET /customer/refresh-token 401 30 - 0.397 ms
GET /customer/refresh-token 401 30 - 0.406 ms
GET /customer/refresh-token 401 30 - 0.266 ms
GET /customer/refresh-token 401 30 - 0.298 ms
POST /customer/login-customer 200 583 - 223.207 ms
GET /customer/refresh-token 401 30 - 0.252 ms
GET /customer/refresh-token 401 30 - 0.306 ms
GET /customer/refresh-token 401 30 - 0.345 ms
GET /customer/refresh-token 401 30 - 0.276 ms
GET /customer/refresh-token 401 30 - 0.931 ms
GET /customer/refresh-token 401 30 - 0.321 ms
POST /customer/login-customer 200 583 - 377.175 ms
GET /customer/refresh-token 401 30 - 0.357 ms
GET /customer/refresh-token 401 30 - 0.253 ms
GET /customer/refresh-token 401 30 - 0.320 ms
GET /customer/refresh-token 401 30 - 0.232 ms
GET /customer/refresh-token 401 30 - 0.549 ms
GET /customer/refresh-token 401 30 - 0.270 ms
POST /customer/login-customer 200 583 - 270.010 ms
GET /customer/refresh-token 401 30 - 0.321 ms
GET /customer/refresh-token 401 30 - 0.346 ms
GET /customer/refresh-token 401 30 - 0.305 ms
GET /customer/refresh-token 401 30 - 0.283 ms
GET /customer/refresh-token 401 30 - 0.244 ms
GET /customer/refresh-token 401 30 - 0.285 ms
POST /customer/login-customer 200 583 - 315.518 ms
POST /customer/login-customer 200 583 - 262.448 ms
GET /customer/refresh-token 401 30 - 1.392 ms
GET /customer/refresh-token 401 30 - 0.609 ms
GET /customer/refresh-token 401 30 - 0.391 ms
GET /customer/refresh-token 401 30 - 1.044 ms
GET /customer/refresh-token 401 30 - 0.327 ms
GET /customer/refresh-token 401 30 - 0.482 ms
POST /customer/login-customer 200 583 - 250.303 ms
POST /customer/login-customer 403 42 - 90.926 ms
POST /customer/login-customer 403 42 - 114.878 ms
POST /customer/login-customer 200 638 - 274.294 ms
GET /customer/get-following-phosts?currentUser=Pro%20Waddo%20-%20Sinhala%20Tutorial 200 36 - 69.986 ms
GET /customer/refresh-token 401 30 - 1.465 ms
GET /customer/refresh-token 401 30 - 0.974 ms
GET /customer/refresh-token 401 30 - 0.382 ms
GET /customer/refresh-token 401 30 - 0.388 ms
GET /customer/refresh-token 401 30 - 0.375 ms
GET /customer/refresh-token 401 30 - 0.281 ms
GET /customer/refresh-token 401 30 - 0.385 ms
GET /customer/refresh-token 401 30 - 0.311 ms
GET /customer/refresh-token 401 30 - 0.242 ms
GET /customer/refresh-token 401 30 - 0.212 ms
GET /customer/refresh-token 401 30 - 0.202 ms
GET /customer/refresh-token 401 30 - 0.200 ms
GET /customer/refresh-token 401 30 - 0.274 ms
GET /customer/refresh-token 401 30 - 0.324 ms
GET /customer/refresh-token 401 30 - 0.158 ms
GET /customer/refresh-token 401 30 - 0.293 ms
POST /customer/login-customer 200 638 - 225.712 ms
GET /customer/refresh-token 401 30 - 0.242 ms
GET /customer/refresh-token 401 30 - 0.430 ms
GET /customer/refresh-token 401 30 - 0.247 ms
GET /customer/refresh-token 401 30 - 0.281 ms
POST /customer/login-customer 200 638 - 251.409 ms
GET /customer/get-following-phosts?currentUser=Pro%20Waddo%20-%20Sinhala%20Tutorial 304 - - 68.323 ms
GET /customer/refresh-token 401 30 - 1.011 ms
GET /customer/refresh-token 401 30 - 0.631 ms
GET /customer/refresh-token 401 30 - 5.311 ms
GET /customer/refresh-token 401 30 - 0.545 ms
GET /customer/refresh-token 401 30 - 0.517 ms
GET /customer/refresh-token 401 30 - 0.305 ms
GET /customer/refresh-token 401 30 - 0.811 ms
GET /customer/refresh-token 401 30 - 0.351 ms
GET /customer/refresh-token 401 30 - 0.327 ms
GET /customer/refresh-token 401 30 - 0.324 ms
POST /customer/login-customer 200 638 - 281.938 ms
GET /customer/refresh-token 401 30 - 0.206 ms
GET /customer/refresh-token 401 30 - 0.248 ms
GET /customer/get-following-phosts?currentUser=Pro%20Waddo%20-%20Sinhala%20Tutorial 304 - - 77.061 ms
GET /customer/get-following-phosts?currentUser=Pro%20Waddo%20-%20Sinhala%20Tutorial 304 - - 68.979 ms
GET /customer/refresh-token 401 30 - 0.271 ms
GET /customer/refresh-token 401 30 - 0.309 ms
GET /customer/refresh-token 401 30 - 0.162 ms
GET /customer/refresh-token 401 30 - 0.212 ms
GET /customer/refresh-token 401 30 - 0.181 ms
GET /customer/refresh-token 401 30 - 0.561 ms
POST /customer/login-customer 200 583 - 233.754 ms
GET /customer/get-name-info?name=Pro%20Waddo%20-%20Sinhala%20Tutorial 200 445 - 87.267 ms
GET /customer/follow-user-count?name=Pro%20Waddo%20-%20Sinhala%20Tutorial 304 - - 157.879 ms
GET /customer/refresh-token 401 30 - 0.211 ms
GET /customer/refresh-token 401 30 - 0.260 ms
GET /customer/refresh-token 401 30 - 0.218 ms
GET /customer/refresh-token 401 30 - 0.271 ms
GET /customer/refresh-token 401 30 - 0.218 ms
GET /customer/refresh-token 401 30 - 0.239 ms
GET /customer/refresh-token 401 30 - 0.290 ms
GET /customer/refresh-token 401 30 - 0.228 ms
GET /customer/refresh-token 401 30 - 0.529 ms
GET /customer/refresh-token 401 30 - 0.233 ms
GET /customer/refresh-token 401 30 - 0.220 ms
GET /customer/refresh-token 401 30 - 0.185 ms
GET /customer/refresh-token 401 30 - 0.280 ms
GET /customer/refresh-token 401 30 - 0.226 ms
GET /customer/refresh-token 401 30 - 0.239 ms
GET /customer/refresh-token 401 30 - 0.220 ms
GET /customer/refresh-token 401 30 - 0.263 ms
GET /customer/refresh-token 401 30 - 0.253 ms
POST /customer/login-customer 200 583 - 234.364 ms
POST /customer/login-customer 200 583 - 269.627 ms
GET /customer/get-name-info?name=Pro%20Waddo%20-%20Sinhala%20Tutorial 304 - - 123.964 ms
GET /customer/follow-user-count?name=Pro%20Waddo%20-%20Sinhala%20Tutorial 304 - - 149.633 ms
GET /customer/get-name-info?name=Pro%20Waddo%20-%20Sinhala%20Tutorial 304 - - 71.465 ms
GET /customer/follow-user-count?name=Pro%20Waddo%20-%20Sinhala%20Tutorial 304 - - 155.879 ms
GET /customer/refresh-token 401 30 - 2.346 ms
GET /customer/refresh-token 401 30 - 0.246 ms
GET /customer/refresh-token 401 30 - 0.284 ms
GET /customer/refresh-token 401 30 - 0.284 ms
GET /customer/refresh-token 401 30 - 0.365 ms
GET /customer/refresh-token 401 30 - 0.340 ms
GET /customer/refresh-token 401 30 - 0.349 ms
GET /customer/refresh-token 401 30 - 0.241 ms
GET /customer/refresh-token 401 30 - 0.219 ms
GET /customer/refresh-token 401 30 - 0.302 ms
GET /customer/refresh-token 401 30 - 0.223 ms
GET /customer/refresh-token 401 30 - 0.360 ms
GET /customer/refresh-token 401 30 - 0.320 ms
GET /customer/refresh-token 401 30 - 0.343 ms
GET /customer/refresh-token 401 30 - 0.212 ms
GET /customer/refresh-token 401 30 - 0.309 ms
POST /customer/login-customer 200 638 - 239.575 ms
GET /customer/get-following-phosts?currentUser=Pro%20Waddo%20-%20Sinhala%20Tutorial 304 - - 72.787 ms
GET /customer/get-name-info?name=Pro%20Waddo%20-%20Sinhala%20Tutorial 200 445 - 95.048 ms
GET /customer/follow-user-count?name=Pro%20Waddo%20-%20Sinhala%20Tutorial 304 - - 138.357 ms
GET /customer/refresh-token 401 30 - 15.683 ms
GET /customer/refresh-token 401 30 - 0.477 ms
GET /customer/refresh-token 401 30 - 0.197 ms
GET /customer/refresh-token 401 30 - 0.214 ms
GET /customer/refresh-token 401 30 - 0.266 ms
GET /customer/refresh-token 401 30 - 0.250 ms
GET /customer/refresh-token 401 30 - 0.248 ms
GET /customer/refresh-token 401 30 - 0.236 ms
GET /customer/refresh-token 401 30 - 0.269 ms
GET /customer/refresh-token 401 30 - 0.239 ms
GET /customer/refresh-token 401 30 - 0.209 ms
GET /customer/refresh-token 401 30 - 0.218 ms
GET /customer/refresh-token 401 30 - 0.266 ms
GET /customer/refresh-token 401 30 - 0.589 ms
GET /customer/refresh-token 401 30 - 0.277 ms
GET /customer/refresh-token 401 30 - 0.282 ms
GET /customer/refresh-token 401 30 - 1.103 ms
GET /customer/refresh-token 401 30 - 0.282 ms
GET /customer/refresh-token 401 30 - 0.818 ms
GET /customer/refresh-token 401 30 - 0.207 ms
GET /customer/refresh-token 401 30 - 0.224 ms
GET /customer/refresh-token 401 30 - 0.251 ms
GET /customer/refresh-token 401 30 - 0.186 ms
GET /customer/refresh-token 401 30 - 0.212 ms
GET /customer/refresh-token 401 30 - 0.308 ms
GET /customer/refresh-token 401 30 - 0.336 ms
GET /customer/refresh-token 401 30 - 0.224 ms
GET /customer/refresh-token 401 30 - 1.196 ms
GET /customer/refresh-token 401 30 - 0.276 ms
GET /customer/refresh-token 401 30 - 0.315 ms
GET /customer/refresh-token 401 30 - 0.276 ms
GET /customer/refresh-token 401 30 - 0.211 ms
POST /customer/login-customer 200 583 - 379.115 ms
GET /customer/refresh-token 401 30 - 7.775 ms
GET /customer/refresh-token 401 30 - 0.461 ms
